Case #1: 1 0
Case #2: 1 0
Case #3: 1 1
Case #4: 0 0
Case #5: 500 499
Case #6: 2 1
Case #7: 0 0
Case #8: 0 0
Case #9: 250000 249999
Case #10: 1 0
Case #11: 1 0
Case #12: 0 0
Case #13: 0 0
Case #14: 1 0
Case #15: 0 0
Case #16: 0 0
Case #17: 1 0
Case #18: 1 0
Case #19: 0 0
Case #20: 2 2
Case #21: 0 0
Case #22: 0 0
Case #23: 1 0
Case #24: 0 0
Case #25: 0 0
Case #26: 1 1
Case #27: 7812 7811
Case #28: 0 0
Case #29: 1 0
Case #30: 250000 249999
Case #31: 7812 7811
Case #32: 0 0
Case #33: 0 0
Case #34: 1 0
Case #35: 0 0
Case #36: 0 0
Case #37: 0 0
Case #38: 1 1
Case #39: 0 0
Case #40: 0 0
Case #41: 3 2
Case #42: 1 0
Case #43: 0 0
Case #44: 1953 1952
Case #45: 249999 249999
Case #46: 0 0
Case #47: 1 0
Case #48: 0 0
Case #49: 0 0
Case #50: 0 0
Case #51: 0 0
Case #52: 1 0
Case #53: 0 0
Case #54: 1 0
Case #55: 0 0
Case #56: 1 1
Case #57: 0 0
Case #58: 0 0
Case #59: 125000 124999
Case #60: 0 0
Case #61: 0 0
Case #62: 1 0
Case #63: 0 0
Case #64: 0 0
Case #65: 3906 3905
Case #66: 0 0
Case #67: 3 2
Case #68: 499999 499999
Case #69: 0 0
Case #70: 500000 499999
Case #71: 1 0
Case #72: 0 0
Case #73: 0 0
Case #74: 0 0
Case #75: 3906 3905
Case #76: 0 0
Case #77: 0 0
Case #78: 0 0
Case #79: 1 0
Case #80: 1 0
Case #81: 0 0
Case #82: 0 0
Case #83: 0 0
Case #84: 1 0
Case #85: 1 1
Case #86: 0 0
Case #87: 3 2
Case #88: 0 0
Case #89: 0 0
Case #90: 1 0
Case #91: 1 1
Case #92: 1 1
Case #93: 1 0
Case #94: 1 1
Case #95: 3905 3905
Case #96: 0 0
Case #97: 1 1
Case #98: 0 0
Case #99: 1 1
Case #100: 1 1
